[2016-04-13 06:42:01] local.ERROR: exception 'PDOException' with message 'SQLSTATE[HY000] [2002] No such file or directory' in /Users/Peter/laravel/vendor/laravel/framework/src/Illuminate/Database/Connectors/Connector.php:55
Stack trace:
#0 /Users/Peter/laravel/vendor/laravel/framework/src/Illuminate/Database/Connectors/Connector.php(55): PDO->__construct('mysql:host=loca...', 'root', '', Array)
#1 /Users/Peter/laravel/vendor/laravel/framework/src/Illuminate/Database/Connectors/MySqlConnector.php(24): Illuminate\Database\Connectors\Connector->createConnection('mysql:host=loca...', Array, Array)
#2 /Users/Peter/laravel/vendor/laravel/framework/src/Illuminate/Database/Connectors/ConnectionFactory.php(61): Illuminate\Database\Connectors\MySqlConnector->connect(Array)
#3 [internal function]: Illuminate\Database\Connectors\ConnectionFactory->Illuminate\Database\Connectors\{closure}()
#4 /Users/Peter/laravel/vendor/laravel/framework/src/Illuminate/Database/Connection.php(864): call_user_func(Object(Closure))
#5 /Users/Peter/laravel/vendor/laravel/framework/src/Illuminate/Database/Connection.php(732): Illuminate\Database\Connection->getPdo()
#6 /Users/Peter/laravel/vendor/laravel/framework/src/Illuminate/Database/Connection.php(621): Illuminate\Database\Connection->reconnectIfMissingConnection()
#7 /Users/Peter/laravel/vendor/laravel/framework/src/Illuminate/Database/Connection.php(342): Illuminate\Database\Connection->run('select * from `...', Array, Object(Closure))
#8 /Users/Peter/laravel/vendor/laravel/framework/src/Illuminate/Database/Query/Builder.php(1461): Illuminate\Database\Connection->select('select * from `...', Array, true)
#9 /Users/Peter/laravel/vendor/laravel/framework/src/Illuminate/Database/Query/Builder.php(1447): Illuminate\Database\Query\Builder->runSelect()
#10 /Users/Peter/laravel/vendor/laravel/framework/src/Illuminate/Database/Eloquent/Builder.php(569): Illuminate\Database\Query\Builder->get(Array)
#11 /Users/Peter/laravel/vendor/laravel/framework/src/Illuminate/Database/Eloquent/Builder.php(303): Illuminate\Database\Eloquent\Builder->getModels(Array)
#12 /Users/Peter/laravel/vendor/laravel/framework/src/Illuminate/Database/Eloquent/Model.php(646): Illuminate\Database\Eloquent\Builder->get(Array)
#13 /Users/Peter/laravel/app/Http/Controllers/BookController.php(20): Illuminate\Database\Eloquent\Model::all()
#14 [internal function]: App\Http\Controllers\BookController->index()
#15 /Users/Peter/laravel/vendor/laravel/framework/src/Illuminate/Routing/Controller.php(78): call_user_func_array(Array, Array)
#16 /Users/Peter/laravel/vendor/laravel/framework/src/Illuminate/Routing/ControllerDispatcher.php(146): Illuminate\Routing\Controller->callAction('index', Array)
#17 /Users/Peter/laravel/vendor/laravel/framework/src/Illuminate/Routing/ControllerDispatcher.php(94): Illuminate\Routing\ControllerDispatcher->call(Object(App\Http\Controllers\BookController), Object(Illuminate\Routing\Route), 'index')
#18 [internal function]: Illuminate\Routing\ControllerDispatcher->Illuminate\Routing\{closure}(Object(Illuminate\Http\Request))
#19 /Users/Peter/laravel/vendor/laravel/framework/src/Illuminate/Routing/Pipeline.php(52): call_user_func(Object(Closure), Object(Illuminate\Http\Request))
#20 [internal function]: Illuminate\Routing\Pipeline->Illuminate\Routing\{closure}(Object(Illuminate\Http\Request))
#21 /Users/Peter/laravel/vendor/laravel/framework/src/Illuminate/Pipeline/Pipeline.php(103): call_user_func(Object(Closure), Object(Illuminate\Http\Request))
#22 /Users/Peter/laravel/vendor/laravel/framework/src/Illuminate/Routing/ControllerDispatcher.php(96): Illuminate\Pipeline\Pipeline->then(Object(Closure))
#23 /Users/Peter/laravel/vendor/laravel/framework/src/Illuminate/Routing/ControllerDispatcher.php(54): Illuminate\Routing\ControllerDispatcher->callWithinStack(Object(App\Http\Controllers\BookController), Object(Illuminate\Routing\Route), Object(Illuminate\Http\Request), 'index')
#24 /Users/Peter/laravel/vendor/laravel/framework/src/Illuminate/Routing/Route.php(174): Illuminate\Routing\ControllerDispatcher->dispatch(Object(Illuminate\Routing\Route), Object(Illuminate\Http\Request), 'App\\Http\\Contro...', 'index')
#25 /Users/Peter/laravel/vendor/laravel/framework/src/Illuminate/Routing/Route.php(140): Illuminate\Routing\Route->runController(Object(Illuminate\Http\Request))
#26 /Users/Peter/laravel/vendor/laravel/framework/src/Illuminate/Routing/Router.php(724): Illuminate\Routing\Route->run(Object(Illuminate\Http\Request))
#27 [internal function]: Illuminate\Routing\Router->Illuminate\Routing\{closure}(Object(Illuminate\Http\Request))
#28 /Users/Peter/laravel/vendor/laravel/framework/src/Illuminate/Routing/Pipeline.php(52): call_user_func(Object(Closure), Object(Illuminate\Http\Request))
#29 [internal function]: Illuminate\Routing\Pipeline->Illuminate\Routing\{closure}(Object(Illuminate\Http\Request))
#30 /Users/Peter/laravel/vendor/laravel/framework/src/Illuminate/Pipeline/Pipeline.php(103): call_user_func(Object(Closure), Object(Illuminate\Http\Request))
#31 /Users/Peter/laravel/vendor/laravel/framework/src/Illuminate/Routing/Router.php(726): Illuminate\Pipeline\Pipeline->then(Object(Closure))
#32 /Users/Peter/laravel/vendor/laravel/framework/src/Illuminate/Routing/Router.php(699): Illuminate\Routing\Router->runRouteWithinStack(Object(Illuminate\Routing\Route), Object(Illuminate\Http\Request))
#33 /Users/Peter/laravel/vendor/laravel/framework/src/Illuminate/Routing/Router.php(675): Illuminate\Routing\Router->dispatchToRoute(Object(Illuminate\Http\Request))
#34 /Users/Peter/laravel/vendor/laravel/framework/src/Illuminate/Foundation/Http/Kernel.php(246): Illuminate\Routing\Router->dispatch(Object(Illuminate\Http\Request))
#35 [internal function]: Illuminate\Foundation\Http\Kernel->Illuminate\Foundation\Http\{closure}(Object(Illuminate\Http\Request))
#36 /Users/Peter/laravel/vendor/laravel/framework/src/Illuminate/Routing/Pipeline.php(52): call_user_func(Object(Closure), Object(Illuminate\Http\Request))
#37 /Users/Peter/laravel/vendor/laravel/framework/src/Illuminate/Foundation/Http/Middleware/CheckForMaintenanceMode.php(44): Illuminate\Routing\Pipeline->Illuminate\Routing\{closure}(Object(Illuminate\Http\Request))
#38 [internal function]: Illuminate\Foundation\Http\Middleware\CheckForMaintenanceMode->handle(Object(Illuminate\Http\Request), Object(Closure))
#39 /Users/Peter/laravel/vendor/laravel/framework/src/Illuminate/Pipeline/Pipeline.php(124): call_user_func_array(Array, Array)
#40 [internal function]: Illuminate\Pipeline\Pipeline->Illuminate\Pipeline\{closure}(Object(Illuminate\Http\Request))
#41 /Users/Peter/laravel/vendor/laravel/framework/src/Illuminate/Routing/Pipeline.php(32): call_user_func(Object(Closure), Object(Illuminate\Http\Request))
#42 [internal function]: Illuminate\Routing\Pipeline->Illuminate\Routing\{closure}(Object(Illuminate\Http\Request))
#43 /Users/Peter/laravel/vendor/laravel/framework/src/Illuminate/Pipeline/Pipeline.php(103): call_user_func(Object(Closure), Object(Illuminate\Http\Request))
#44 /Users/Peter/laravel/vendor/laravel/framework/src/Illuminate/Foundation/Http/Kernel.php(132): Illuminate\Pipeline\Pipeline->then(Object(Closure))
#45 /Users/Peter/laravel/vendor/laravel/framework/src/Illuminate/Foundation/Http/Kernel.php(99): Illuminate\Foundation\Http\Kernel->sendRequestThroughRouter(Object(Illuminate\Http\Request))
#46 /Users/Peter/laravel/public/index.php(54): Illuminate\Foundation\Http\Kernel->handle(Object(Illuminate\Http\Request))
#47 /Users/Peter/laravel/server.php(21): require_once('/Users/Peter/la...')
#48 {main}  
[2016-04-13 06:42:06] local.ERROR: exception 'PDOException' with message 'SQLSTATE[HY000] [2002] No such file or directory' in /Users/Peter/laravel/vendor/laravel/framework/src/Illuminate/Database/Connectors/Connector.php:55
Stack trace:
#0 /Users/Peter/laravel/vendor/laravel/framework/src/Illuminate/Database/Connectors/Connector.php(55): PDO->__construct('mysql:host=loca...', 'root', '', Array)
#1 /Users/Peter/laravel/vendor/laravel/framework/src/Illuminate/Database/Connectors/MySqlConnector.php(24): Illuminate\Database\Connectors\Connector->createConnection('mysql:host=loca...', Array, Array)
#2 /Users/Peter/laravel/vendor/laravel/framework/src/Illuminate/Database/Connectors/ConnectionFactory.php(61): Illuminate\Database\Connectors\MySqlConnector->connect(Array)
#3 [internal function]: Illuminate\Database\Connectors\ConnectionFactory->Illuminate\Database\Connectors\{closure}()
#4 /Users/Peter/laravel/vendor/laravel/framework/src/Illuminate/Database/Connection.php(864): call_user_func(Object(Closure))
#5 /Users/Peter/laravel/vendor/laravel/framework/src/Illuminate/Database/Connection.php(732): Illuminate\Database\Connection->getPdo()
#6 /Users/Peter/laravel/vendor/laravel/framework/src/Illuminate/Database/Connection.php(621): Illuminate\Database\Connection->reconnectIfMissingConnection()
#7 /Users/Peter/laravel/vendor/laravel/framework/src/Illuminate/Database/Connection.php(342): Illuminate\Database\Connection->run('select * from `...', Array, Object(Closure))
#8 /Users/Peter/laravel/vendor/laravel/framework/src/Illuminate/Database/Query/Builder.php(1461): Illuminate\Database\Connection->select('select * from `...', Array, true)
#9 /Users/Peter/laravel/vendor/laravel/framework/src/Illuminate/Database/Query/Builder.php(1447): Illuminate\Database\Query\Builder->runSelect()
#10 /Users/Peter/laravel/vendor/laravel/framework/src/Illuminate/Database/Eloquent/Builder.php(569): Illuminate\Database\Query\Builder->get(Array)
#11 /Users/Peter/laravel/vendor/laravel/framework/src/Illuminate/Database/Eloquent/Builder.php(303): Illuminate\Database\Eloquent\Builder->getModels(Array)
#12 /Users/Peter/laravel/vendor/laravel/framework/src/Illuminate/Database/Eloquent/Model.php(646): Illuminate\Database\Eloquent\Builder->get(Array)
#13 /Users/Peter/laravel/app/Http/Controllers/BookController.php(26): Illuminate\Database\Eloquent\Model::all()
#14 [internal function]: App\Http\Controllers\BookController->companies()
#15 /Users/Peter/laravel/vendor/laravel/framework/src/Illuminate/Routing/Controller.php(78): call_user_func_array(Array, Array)
#16 /Users/Peter/laravel/vendor/laravel/framework/src/Illuminate/Routing/ControllerDispatcher.php(146): Illuminate\Routing\Controller->callAction('companies', Array)
#17 /Users/Peter/laravel/vendor/laravel/framework/src/Illuminate/Routing/ControllerDispatcher.php(94): Illuminate\Routing\ControllerDispatcher->call(Object(App\Http\Controllers\BookController), Object(Illuminate\Routing\Route), 'companies')
#18 [internal function]: Illuminate\Routing\ControllerDispatcher->Illuminate\Routing\{closure}(Object(Illuminate\Http\Request))
#19 /Users/Peter/laravel/vendor/laravel/framework/src/Illuminate/Routing/Pipeline.php(52): call_user_func(Object(Closure), Object(Illuminate\Http\Request))
#20 [internal function]: Illuminate\Routing\Pipeline->Illuminate\Routing\{closure}(Object(Illuminate\Http\Request))
#21 /Users/Peter/laravel/vendor/laravel/framework/src/Illuminate/Pipeline/Pipeline.php(103): call_user_func(Object(Closure), Object(Illuminate\Http\Request))
#22 /Users/Peter/laravel/vendor/laravel/framework/src/Illuminate/Routing/ControllerDispatcher.php(96): Illuminate\Pipeline\Pipeline->then(Object(Closure))
#23 /Users/Peter/laravel/vendor/laravel/framework/src/Illuminate/Routing/ControllerDispatcher.php(54): Illuminate\Routing\ControllerDispatcher->callWithinStack(Object(App\Http\Controllers\BookController), Object(Illuminate\Routing\Route), Object(Illuminate\Http\Request), 'companies')
#24 /Users/Peter/laravel/vendor/laravel/framework/src/Illuminate/Routing/Route.php(174): Illuminate\Routing\ControllerDispatcher->dispatch(Object(Illuminate\Routing\Route), Object(Illuminate\Http\Request), 'App\\Http\\Contro...', 'companies')
#25 /Users/Peter/laravel/vendor/laravel/framework/src/Illuminate/Routing/Route.php(140): Illuminate\Routing\Route->runController(Object(Illuminate\Http\Request))
#26 /Users/Peter/laravel/vendor/laravel/framework/src/Illuminate/Routing/Router.php(724): Illuminate\Routing\Route->run(Object(Illuminate\Http\Request))
#27 [internal function]: Illuminate\Routing\Router->Illuminate\Routing\{closure}(Object(Illuminate\Http\Request))
#28 /Users/Peter/laravel/vendor/laravel/framework/src/Illuminate/Routing/Pipeline.php(52): call_user_func(Object(Closure), Object(Illuminate\Http\Request))
#29 [internal function]: Illuminate\Routing\Pipeline->Illuminate\Routing\{closure}(Object(Illuminate\Http\Request))
#30 /Users/Peter/laravel/vendor/laravel/framework/src/Illuminate/Pipeline/Pipeline.php(103): call_user_func(Object(Closure), Object(Illuminate\Http\Request))
#31 /Users/Peter/laravel/vendor/laravel/framework/src/Illuminate/Routing/Router.php(726): Illuminate\Pipeline\Pipeline->then(Object(Closure))
#32 /Users/Peter/laravel/vendor/laravel/framework/src/Illuminate/Routing/Router.php(699): Illuminate\Routing\Router->runRouteWithinStack(Object(Illuminate\Routing\Route), Object(Illuminate\Http\Request))
#33 /Users/Peter/laravel/vendor/laravel/framework/src/Illuminate/Routing/Router.php(675): Illuminate\Routing\Router->dispatchToRoute(Object(Illuminate\Http\Request))
#34 /Users/Peter/laravel/vendor/laravel/framework/src/Illuminate/Foundation/Http/Kernel.php(246): Illuminate\Routing\Router->dispatch(Object(Illuminate\Http\Request))
#35 [internal function]: Illuminate\Foundation\Http\Kernel->Illuminate\Foundation\Http\{closure}(Object(Illuminate\Http\Request))
#36 /Users/Peter/laravel/vendor/laravel/framework/src/Illuminate/Routing/Pipeline.php(52): call_user_func(Object(Closure), Object(Illuminate\Http\Request))
#37 /Users/Peter/laravel/vendor/laravel/framework/src/Illuminate/Foundation/Http/Middleware/CheckForMaintenanceMode.php(44): Illuminate\Routing\Pipeline->Illuminate\Routing\{closure}(Object(Illuminate\Http\Request))
#38 [internal function]: Illuminate\Foundation\Http\Middleware\CheckForMaintenanceMode->handle(Object(Illuminate\Http\Request), Object(Closure))
#39 /Users/Peter/laravel/vendor/laravel/framework/src/Illuminate/Pipeline/Pipeline.php(124): call_user_func_array(Array, Array)
#40 [internal function]: Illuminate\Pipeline\Pipeline->Illuminate\Pipeline\{closure}(Object(Illuminate\Http\Request))
#41 /Users/Peter/laravel/vendor/laravel/framework/src/Illuminate/Routing/Pipeline.php(32): call_user_func(Object(Closure), Object(Illuminate\Http\Request))
#42 [internal function]: Illuminate\Routing\Pipeline->Illuminate\Routing\{closure}(Object(Illuminate\Http\Request))
#43 /Users/Peter/laravel/vendor/laravel/framework/src/Illuminate/Pipeline/Pipeline.php(103): call_user_func(Object(Closure), Object(Illuminate\Http\Request))
#44 /Users/Peter/laravel/vendor/laravel/framework/src/Illuminate/Foundation/Http/Kernel.php(132): Illuminate\Pipeline\Pipeline->then(Object(Closure))
#45 /Users/Peter/laravel/vendor/laravel/framework/src/Illuminate/Foundation/Http/Kernel.php(99): Illuminate\Foundation\Http\Kernel->sendRequestThroughRouter(Object(Illuminate\Http\Request))
#46 /Users/Peter/laravel/public/index.php(54): Illuminate\Foundation\Http\Kernel->handle(Object(Illuminate\Http\Request))
#47 /Users/Peter/laravel/server.php(21): require_once('/Users/Peter/la...')
#48 {main}  
[2016-04-13 06:42:11] local.ERROR: exception 'InvalidArgumentException' with message 'View [welcome] not found.' in /Users/Peter/laravel/vendor/laravel/framework/src/Illuminate/View/FileViewFinder.php:137
Stack trace:
#0 /Users/Peter/laravel/vendor/laravel/framework/src/Illuminate/View/FileViewFinder.php(79): Illuminate\View\FileViewFinder->findInPaths('welcome', Array)
#1 /Users/Peter/laravel/vendor/laravel/framework/src/Illuminate/View/Factory.php(151): Illuminate\View\FileViewFinder->find('welcome')
#2 /Users/Peter/laravel/vendor/laravel/framework/src/Illuminate/Foundation/helpers.php(779): Illuminate\View\Factory->make('welcome', Array, Array)
#3 /Users/Peter/laravel/app/Http/routes.php(15): view('welcome')
#4 [internal function]: App\Providers\RouteServiceProvider->{closure}()
#5 /Users/Peter/laravel/vendor/laravel/framework/src/Illuminate/Routing/Route.php(158): call_user_func_array(Object(Closure), Array)
#6 /Users/Peter/laravel/vendor/laravel/framework/src/Illuminate/Routing/Route.php(137): Illuminate\Routing\Route->runCallable(Object(Illuminate\Http\Request))
#7 /Users/Peter/laravel/vendor/laravel/framework/src/Illuminate/Routing/Router.php(724): Illuminate\Routing\Route->run(Object(Illuminate\Http\Request))
#8 [internal function]: Illuminate\Routing\Router->Illuminate\Routing\{closure}(Object(Illuminate\Http\Request))
#9 /Users/Peter/laravel/vendor/laravel/framework/src/Illuminate/Routing/Pipeline.php(52): call_user_func(Object(Closure), Object(Illuminate\Http\Request))
#10 [internal function]: Illuminate\Routing\Pipeline->Illuminate\Routing\{closure}(Object(Illuminate\Http\Request))
#11 /Users/Peter/laravel/vendor/laravel/framework/src/Illuminate/Pipeline/Pipeline.php(103): call_user_func(Object(Closure), Object(Illuminate\Http\Request))
#12 /Users/Peter/laravel/vendor/laravel/framework/src/Illuminate/Routing/Router.php(726): Illuminate\Pipeline\Pipeline->then(Object(Closure))
#13 /Users/Peter/laravel/vendor/laravel/framework/src/Illuminate/Routing/Router.php(699): Illuminate\Routing\Router->runRouteWithinStack(Object(Illuminate\Routing\Route), Object(Illuminate\Http\Request))
#14 /Users/Peter/laravel/vendor/laravel/framework/src/Illuminate/Routing/Router.php(675): Illuminate\Routing\Router->dispatchToRoute(Object(Illuminate\Http\Request))
#15 /Users/Peter/laravel/vendor/laravel/framework/src/Illuminate/Foundation/Http/Kernel.php(246): Illuminate\Routing\Router->dispatch(Object(Illuminate\Http\Request))
#16 [internal function]: Illuminate\Foundation\Http\Kernel->Illuminate\Foundation\Http\{closure}(Object(Illuminate\Http\Request))
#17 /Users/Peter/laravel/vendor/laravel/framework/src/Illuminate/Routing/Pipeline.php(52): call_user_func(Object(Closure), Object(Illuminate\Http\Request))
#18 /Users/Peter/laravel/vendor/laravel/framework/src/Illuminate/Foundation/Http/Middleware/CheckForMaintenanceMode.php(44): Illuminate\Routing\Pipeline->Illuminate\Routing\{closure}(Object(Illuminate\Http\Request))
#19 [internal function]: Illuminate\Foundation\Http\Middleware\CheckForMaintenanceMode->handle(Object(Illuminate\Http\Request), Object(Closure))
#20 /Users/Peter/laravel/vendor/laravel/framework/src/Illuminate/Pipeline/Pipeline.php(124): call_user_func_array(Array, Array)
#21 [internal function]: Illuminate\Pipeline\Pipeline->Illuminate\Pipeline\{closure}(Object(Illuminate\Http\Request))
#22 /Users/Peter/laravel/vendor/laravel/framework/src/Illuminate/Routing/Pipeline.php(32): call_user_func(Object(Closure), Object(Illuminate\Http\Request))
#23 [internal function]: Illuminate\Routing\Pipeline->Illuminate\Routing\{closure}(Object(Illuminate\Http\Request))
#24 /Users/Peter/laravel/vendor/laravel/framework/src/Illuminate/Pipeline/Pipeline.php(103): call_user_func(Object(Closure), Object(Illuminate\Http\Request))
#25 /Users/Peter/laravel/vendor/laravel/framework/src/Illuminate/Foundation/Http/Kernel.php(132): Illuminate\Pipeline\Pipeline->then(Object(Closure))
#26 /Users/Peter/laravel/vendor/laravel/framework/src/Illuminate/Foundation/Http/Kernel.php(99): Illuminate\Foundation\Http\Kernel->sendRequestThroughRouter(Object(Illuminate\Http\Request))
#27 /Users/Peter/laravel/public/index.php(54): Illuminate\Foundation\Http\Kernel->handle(Object(Illuminate\Http\Request))
#28 /Users/Peter/laravel/server.php(21): require_once('/Users/Peter/la...')
#29 {main}  
[2016-04-13 06:44:53] local.ERROR: exception 'ErrorException' with message 'Trying to get property of non-object' in /Users/Peter/laravel/storage/framework/views/dcf1a457941409e180f4b94c275cdd3d40ad8923.php:10
Stack trace:
#0 /Users/Peter/laravel/storage/framework/views/dcf1a457941409e180f4b94c275cdd3d40ad8923.php(10): Illuminate\Foundation\Bootstrap\HandleExceptions->handleError(8, 'Trying to get p...', '/Users/Peter/la...', 10, Array)
#1 /Users/Peter/laravel/vendor/laravel/framework/src/Illuminate/View/Engines/PhpEngine.php(42): include('/Users/Peter/la...')
#2 /Users/Peter/laravel/vendor/laravel/framework/src/Illuminate/View/Engines/CompilerEngine.php(59): Illuminate\View\Engines\PhpEngine->evaluatePath('/Users/Peter/la...', Array)
#3 /Users/Peter/laravel/vendor/laravel/framework/src/Illuminate/View/View.php(147): Illuminate\View\Engines\CompilerEngine->get('/Users/Peter/la...', Array)
#4 /Users/Peter/laravel/vendor/laravel/framework/src/Illuminate/View/View.php(118): Illuminate\View\View->getContents()
#5 /Users/Peter/laravel/vendor/laravel/framework/src/Illuminate/View/View.php(83): Illuminate\View\View->renderContents()
#6 /Users/Peter/laravel/vendor/laravel/framework/src/Illuminate/Http/Response.php(53): Illuminate\View\View->render()
#7 /Users/Peter/laravel/vendor/symfony/http-foundation/Response.php(199): Illuminate\Http\Response->setContent(Object(Illuminate\View\View))
#8 /Users/Peter/laravel/vendor/laravel/framework/src/Illuminate/Routing/Router.php(1087): Symfony\Component\HttpFoundation\Response->__construct(Object(Illuminate\View\View))
#9 /Users/Peter/laravel/vendor/laravel/framework/src/Illuminate/Routing/ControllerDispatcher.php(95): Illuminate\Routing\Router->prepareResponse(Object(Illuminate\Http\Request), Object(Illuminate\View\View))
#10 [internal function]: Illuminate\Routing\ControllerDispatcher->Illuminate\Routing\{closure}(Object(Illuminate\Http\Request))
#11 /Users/Peter/laravel/vendor/laravel/framework/src/Illuminate/Routing/Pipeline.php(52): call_user_func(Object(Closure), Object(Illuminate\Http\Request))
#12 [internal function]: Illuminate\Routing\Pipeline->Illuminate\Routing\{closure}(Object(Illuminate\Http\Request))
#13 /Users/Peter/laravel/vendor/laravel/framework/src/Illuminate/Pipeline/Pipeline.php(103): call_user_func(Object(Closure), Object(Illuminate\Http\Request))
#14 /Users/Peter/laravel/vendor/laravel/framework/src/Illuminate/Routing/ControllerDispatcher.php(96): Illuminate\Pipeline\Pipeline->then(Object(Closure))
#15 /Users/Peter/laravel/vendor/laravel/framework/src/Illuminate/Routing/ControllerDispatcher.php(54): Illuminate\Routing\ControllerDispatcher->callWithinStack(Object(App\Http\Controllers\BookController), Object(Illuminate\Routing\Route), Object(Illuminate\Http\Request), 'show')
#16 /Users/Peter/laravel/vendor/laravel/framework/src/Illuminate/Routing/Route.php(174): Illuminate\Routing\ControllerDispatcher->dispatch(Object(Illuminate\Routing\Route), Object(Illuminate\Http\Request), 'App\\Http\\Contro...', 'show')
#17 /Users/Peter/laravel/vendor/laravel/framework/src/Illuminate/Routing/Route.php(140): Illuminate\Routing\Route->runController(Object(Illuminate\Http\Request))
#18 /Users/Peter/laravel/vendor/laravel/framework/src/Illuminate/Routing/Router.php(724): Illuminate\Routing\Route->run(Object(Illuminate\Http\Request))
#19 [internal function]: Illuminate\Routing\Router->Illuminate\Routing\{closure}(Object(Illuminate\Http\Request))
#20 /Users/Peter/laravel/vendor/laravel/framework/src/Illuminate/Routing/Pipeline.php(52): call_user_func(Object(Closure), Object(Illuminate\Http\Request))
#21 [internal function]: Illuminate\Routing\Pipeline->Illuminate\Routing\{closure}(Object(Illuminate\Http\Request))
#22 /Users/Peter/laravel/vendor/laravel/framework/src/Illuminate/Pipeline/Pipeline.php(103): call_user_func(Object(Closure), Object(Illuminate\Http\Request))
#23 /Users/Peter/laravel/vendor/laravel/framework/src/Illuminate/Routing/Router.php(726): Illuminate\Pipeline\Pipeline->then(Object(Closure))
#24 /Users/Peter/laravel/vendor/laravel/framework/src/Illuminate/Routing/Router.php(699): Illuminate\Routing\Router->runRouteWithinStack(Object(Illuminate\Routing\Route), Object(Illuminate\Http\Request))
#25 /Users/Peter/laravel/vendor/laravel/framework/src/Illuminate/Routing/Router.php(675): Illuminate\Routing\Router->dispatchToRoute(Object(Illuminate\Http\Request))
#26 /Users/Peter/laravel/vendor/laravel/framework/src/Illuminate/Foundation/Http/Kernel.php(246): Illuminate\Routing\Router->dispatch(Object(Illuminate\Http\Request))
#27 [internal function]: Illuminate\Foundation\Http\Kernel->Illuminate\Foundation\Http\{closure}(Object(Illuminate\Http\Request))
#28 /Users/Peter/laravel/vendor/laravel/framework/src/Illuminate/Routing/Pipeline.php(52): call_user_func(Object(Closure), Object(Illuminate\Http\Request))
#29 /Users/Peter/laravel/vendor/laravel/framework/src/Illuminate/Foundation/Http/Middleware/CheckForMaintenanceMode.php(44): Illuminate\Routing\Pipeline->Illuminate\Routing\{closure}(Object(Illuminate\Http\Request))
#30 [internal function]: Illuminate\Foundation\Http\Middleware\CheckForMaintenanceMode->handle(Object(Illuminate\Http\Request), Object(Closure))
#31 /Users/Peter/laravel/vendor/laravel/framework/src/Illuminate/Pipeline/Pipeline.php(124): call_user_func_array(Array, Array)
#32 [internal function]: Illuminate\Pipeline\Pipeline->Illuminate\Pipeline\{closure}(Object(Illuminate\Http\Request))
#33 /Users/Peter/laravel/vendor/laravel/framework/src/Illuminate/Routing/Pipeline.php(32): call_user_func(Object(Closure), Object(Illuminate\Http\Request))
#34 [internal function]: Illuminate\Routing\Pipeline->Illuminate\Routing\{closure}(Object(Illuminate\Http\Request))
#35 /Users/Peter/laravel/vendor/laravel/framework/src/Illuminate/Pipeline/Pipeline.php(103): call_user_func(Object(Closure), Object(Illuminate\Http\Request))
#36 /Users/Peter/laravel/vendor/laravel/framework/src/Illuminate/Foundation/Http/Kernel.php(132): Illuminate\Pipeline\Pipeline->then(Object(Closure))
#37 /Users/Peter/laravel/vendor/laravel/framework/src/Illuminate/Foundation/Http/Kernel.php(99): Illuminate\Foundation\Http\Kernel->sendRequestThroughRouter(Object(Illuminate\Http\Request))
#38 /Users/Peter/laravel/public/index.php(54): Illuminate\Foundation\Http\Kernel->handle(Object(Illuminate\Http\Request))
#39 /Users/Peter/laravel/server.php(21): require_once('/Users/Peter/la...')
#40 {main}

Next exception 'ErrorException' with message 'Trying to get property of non-object (View: /Users/Peter/laravel/resources/views/books/show.blade.php)' in /Users/Peter/laravel/storage/framework/views/dcf1a457941409e180f4b94c275cdd3d40ad8923.php:10
Stack trace:
#0 /Users/Peter/laravel/vendor/laravel/framework/src/Illuminate/View/Engines/PhpEngine.php(44): Illuminate\View\Engines\CompilerEngine->handleViewException(Object(ErrorException), 0)
#1 /Users/Peter/laravel/vendor/laravel/framework/src/Illuminate/View/Engines/CompilerEngine.php(59): Illuminate\View\Engines\PhpEngine->evaluatePath('/Users/Peter/la...', Array)
#2 /Users/Peter/laravel/vendor/laravel/framework/src/Illuminate/View/View.php(147): Illuminate\View\Engines\CompilerEngine->get('/Users/Peter/la...', Array)
#3 /Users/Peter/laravel/vendor/laravel/framework/src/Illuminate/View/View.php(118): Illuminate\View\View->getContents()
#4 /Users/Peter/laravel/vendor/laravel/framework/src/Illuminate/View/View.php(83): Illuminate\View\View->renderContents()
#5 /Users/Peter/laravel/vendor/laravel/framework/src/Illuminate/Http/Response.php(53): Illuminate\View\View->render()
#6 /Users/Peter/laravel/vendor/symfony/http-foundation/Response.php(199): Illuminate\Http\Response->setContent(Object(Illuminate\View\View))
#7 /Users/Peter/laravel/vendor/laravel/framework/src/Illuminate/Routing/Router.php(1087): Symfony\Component\HttpFoundation\Response->__construct(Object(Illuminate\View\View))
#8 /Users/Peter/laravel/vendor/laravel/framework/src/Illuminate/Routing/ControllerDispatcher.php(95): Illuminate\Routing\Router->prepareResponse(Object(Illuminate\Http\Request), Object(Illuminate\View\View))
#9 [internal function]: Illuminate\Routing\ControllerDispatcher->Illuminate\Routing\{closure}(Object(Illuminate\Http\Request))
#10 /Users/Peter/laravel/vendor/laravel/framework/src/Illuminate/Routing/Pipeline.php(52): call_user_func(Object(Closure), Object(Illuminate\Http\Request))
#11 [internal function]: Illuminate\Routing\Pipeline->Illuminate\Routing\{closure}(Object(Illuminate\Http\Request))
#12 /Users/Peter/laravel/vendor/laravel/framework/src/Illuminate/Pipeline/Pipeline.php(103): call_user_func(Object(Closure), Object(Illuminate\Http\Request))
#13 /Users/Peter/laravel/vendor/laravel/framework/src/Illuminate/Routing/ControllerDispatcher.php(96): Illuminate\Pipeline\Pipeline->then(Object(Closure))
#14 /Users/Peter/laravel/vendor/laravel/framework/src/Illuminate/Routing/ControllerDispatcher.php(54): Illuminate\Routing\ControllerDispatcher->callWithinStack(Object(App\Http\Controllers\BookController), Object(Illuminate\Routing\Route), Object(Illuminate\Http\Request), 'show')
#15 /Users/Peter/laravel/vendor/laravel/framework/src/Illuminate/Routing/Route.php(174): Illuminate\Routing\ControllerDispatcher->dispatch(Object(Illuminate\Routing\Route), Object(Illuminate\Http\Request), 'App\\Http\\Contro...', 'show')
#16 /Users/Peter/laravel/vendor/laravel/framework/src/Illuminate/Routing/Route.php(140): Illuminate\Routing\Route->runController(Object(Illuminate\Http\Request))
#17 /Users/Peter/laravel/vendor/laravel/framework/src/Illuminate/Routing/Router.php(724): Illuminate\Routing\Route->run(Object(Illuminate\Http\Request))
#18 [internal function]: Illuminate\Routing\Router->Illuminate\Routing\{closure}(Object(Illuminate\Http\Request))
#19 /Users/Peter/laravel/vendor/laravel/framework/src/Illuminate/Routing/Pipeline.php(52): call_user_func(Object(Closure), Object(Illuminate\Http\Request))
#20 [internal function]: Illuminate\Routing\Pipeline->Illuminate\Routing\{closure}(Object(Illuminate\Http\Request))
#21 /Users/Peter/laravel/vendor/laravel/framework/src/Illuminate/Pipeline/Pipeline.php(103): call_user_func(Object(Closure), Object(Illuminate\Http\Request))
#22 /Users/Peter/laravel/vendor/laravel/framework/src/Illuminate/Routing/Router.php(726): Illuminate\Pipeline\Pipeline->then(Object(Closure))
#23 /Users/Peter/laravel/vendor/laravel/framework/src/Illuminate/Routing/Router.php(699): Illuminate\Routing\Router->runRouteWithinStack(Object(Illuminate\Routing\Route), Object(Illuminate\Http\Request))
#24 /Users/Peter/laravel/vendor/laravel/framework/src/Illuminate/Routing/Router.php(675): Illuminate\Routing\Router->dispatchToRoute(Object(Illuminate\Http\Request))
#25 /Users/Peter/laravel/vendor/laravel/framework/src/Illuminate/Foundation/Http/Kernel.php(246): Illuminate\Routing\Router->dispatch(Object(Illuminate\Http\Request))
#26 [internal function]: Illuminate\Foundation\Http\Kernel->Illuminate\Foundation\Http\{closure}(Object(Illuminate\Http\Request))
#27 /Users/Peter/laravel/vendor/laravel/framework/src/Illuminate/Routing/Pipeline.php(52): call_user_func(Object(Closure), Object(Illuminate\Http\Request))
#28 /Users/Peter/laravel/vendor/laravel/framework/src/Illuminate/Foundation/Http/Middleware/CheckForMaintenanceMode.php(44): Illuminate\Routing\Pipeline->Illuminate\Routing\{closure}(Object(Illuminate\Http\Request))
#29 [internal function]: Illuminate\Foundation\Http\Middleware\CheckForMaintenanceMode->handle(Object(Illuminate\Http\Request), Object(Closure))
#30 /Users/Peter/laravel/vendor/laravel/framework/src/Illuminate/Pipeline/Pipeline.php(124): call_user_func_array(Array, Array)
#31 [internal function]: Illuminate\Pipeline\Pipeline->Illuminate\Pipeline\{closure}(Object(Illuminate\Http\Request))
#32 /Users/Peter/laravel/vendor/laravel/framework/src/Illuminate/Routing/Pipeline.php(32): call_user_func(Object(Closure), Object(Illuminate\Http\Request))
#33 [internal function]: Illuminate\Routing\Pipeline->Illuminate\Routing\{closure}(Object(Illuminate\Http\Request))
#34 /Users/Peter/laravel/vendor/laravel/framework/src/Illuminate/Pipeline/Pipeline.php(103): call_user_func(Object(Closure), Object(Illuminate\Http\Request))
#35 /Users/Peter/laravel/vendor/laravel/framework/src/Illuminate/Foundation/Http/Kernel.php(132): Illuminate\Pipeline\Pipeline->then(Object(Closure))
#36 /Users/Peter/laravel/vendor/laravel/framework/src/Illuminate/Foundation/Http/Kernel.php(99): Illuminate\Foundation\Http\Kernel->sendRequestThroughRouter(Object(Illuminate\Http\Request))
#37 /Users/Peter/laravel/public/index.php(54): Illuminate\Foundation\Http\Kernel->handle(Object(Illuminate\Http\Request))
#38 /Users/Peter/laravel/server.php(21): require_once('/Users/Peter/la...')
#39 {main}  
[2016-04-13 06:45:28] local.ERROR: exception 'ErrorException' with message 'Trying to get property of non-object' in /Users/Peter/laravel/storage/framework/views/dcf1a457941409e180f4b94c275cdd3d40ad8923.php:10
Stack trace:
#0 /Users/Peter/laravel/storage/framework/views/dcf1a457941409e180f4b94c275cdd3d40ad8923.php(10): Illuminate\Foundation\Bootstrap\HandleExceptions->handleError(8, 'Trying to get p...', '/Users/Peter/la...', 10, Array)
#1 /Users/Peter/laravel/vendor/laravel/framework/src/Illuminate/View/Engines/PhpEngine.php(42): include('/Users/Peter/la...')
#2 /Users/Peter/laravel/vendor/laravel/framework/src/Illuminate/View/Engines/CompilerEngine.php(59): Illuminate\View\Engines\PhpEngine->evaluatePath('/Users/Peter/la...', Array)
#3 /Users/Peter/laravel/vendor/laravel/framework/src/Illuminate/View/View.php(147): Illuminate\View\Engines\CompilerEngine->get('/Users/Peter/la...', Array)
#4 /Users/Peter/laravel/vendor/laravel/framework/src/Illuminate/View/View.php(118): Illuminate\View\View->getContents()
#5 /Users/Peter/laravel/vendor/laravel/framework/src/Illuminate/View/View.php(83): Illuminate\View\View->renderContents()
#6 /Users/Peter/laravel/vendor/laravel/framework/src/Illuminate/Http/Response.php(53): Illuminate\View\View->render()
#7 /Users/Peter/laravel/vendor/symfony/http-foundation/Response.php(199): Illuminate\Http\Response->setContent(Object(Illuminate\View\View))
#8 /Users/Peter/laravel/vendor/laravel/framework/src/Illuminate/Routing/Router.php(1087): Symfony\Component\HttpFoundation\Response->__construct(Object(Illuminate\View\View))
#9 /Users/Peter/laravel/vendor/laravel/framework/src/Illuminate/Routing/ControllerDispatcher.php(95): Illuminate\Routing\Router->prepareResponse(Object(Illuminate\Http\Request), Object(Illuminate\View\View))
#10 [internal function]: Illuminate\Routing\ControllerDispatcher->Illuminate\Routing\{closure}(Object(Illuminate\Http\Request))
#11 /Users/Peter/laravel/vendor/laravel/framework/src/Illuminate/Routing/Pipeline.php(52): call_user_func(Object(Closure), Object(Illuminate\Http\Request))
#12 [internal function]: Illuminate\Routing\Pipeline->Illuminate\Routing\{closure}(Object(Illuminate\Http\Request))
#13 /Users/Peter/laravel/vendor/laravel/framework/src/Illuminate/Pipeline/Pipeline.php(103): call_user_func(Object(Closure), Object(Illuminate\Http\Request))
#14 /Users/Peter/laravel/vendor/laravel/framework/src/Illuminate/Routing/ControllerDispatcher.php(96): Illuminate\Pipeline\Pipeline->then(Object(Closure))
#15 /Users/Peter/laravel/vendor/laravel/framework/src/Illuminate/Routing/ControllerDispatcher.php(54): Illuminate\Routing\ControllerDispatcher->callWithinStack(Object(App\Http\Controllers\BookController), Object(Illuminate\Routing\Route), Object(Illuminate\Http\Request), 'show')
#16 /Users/Peter/laravel/vendor/laravel/framework/src/Illuminate/Routing/Route.php(174): Illuminate\Routing\ControllerDispatcher->dispatch(Object(Illuminate\Routing\Route), Object(Illuminate\Http\Request), 'App\\Http\\Contro...', 'show')
#17 /Users/Peter/laravel/vendor/laravel/framework/src/Illuminate/Routing/Route.php(140): Illuminate\Routing\Route->runController(Object(Illuminate\Http\Request))
#18 /Users/Peter/laravel/vendor/laravel/framework/src/Illuminate/Routing/Router.php(724): Illuminate\Routing\Route->run(Object(Illuminate\Http\Request))
#19 [internal function]: Illuminate\Routing\Router->Illuminate\Routing\{closure}(Object(Illuminate\Http\Request))
#20 /Users/Peter/laravel/vendor/laravel/framework/src/Illuminate/Routing/Pipeline.php(52): call_user_func(Object(Closure), Object(Illuminate\Http\Request))
#21 [internal function]: Illuminate\Routing\Pipeline->Illuminate\Routing\{closure}(Object(Illuminate\Http\Request))
#22 /Users/Peter/laravel/vendor/laravel/framework/src/Illuminate/Pipeline/Pipeline.php(103): call_user_func(Object(Closure), Object(Illuminate\Http\Request))
#23 /Users/Peter/laravel/vendor/laravel/framework/src/Illuminate/Routing/Router.php(726): Illuminate\Pipeline\Pipeline->then(Object(Closure))
#24 /Users/Peter/laravel/vendor/laravel/framework/src/Illuminate/Routing/Router.php(699): Illuminate\Routing\Router->runRouteWithinStack(Object(Illuminate\Routing\Route), Object(Illuminate\Http\Request))
#25 /Users/Peter/laravel/vendor/laravel/framework/src/Illuminate/Routing/Router.php(675): Illuminate\Routing\Router->dispatchToRoute(Object(Illuminate\Http\Request))
#26 /Users/Peter/laravel/vendor/laravel/framework/src/Illuminate/Foundation/Http/Kernel.php(246): Illuminate\Routing\Router->dispatch(Object(Illuminate\Http\Request))
#27 [internal function]: Illuminate\Foundation\Http\Kernel->Illuminate\Foundation\Http\{closure}(Object(Illuminate\Http\Request))
#28 /Users/Peter/laravel/vendor/laravel/framework/src/Illuminate/Routing/Pipeline.php(52): call_user_func(Object(Closure), Object(Illuminate\Http\Request))
#29 /Users/Peter/laravel/vendor/laravel/framework/src/Illuminate/Foundation/Http/Middleware/CheckForMaintenanceMode.php(44): Illuminate\Routing\Pipeline->Illuminate\Routing\{closure}(Object(Illuminate\Http\Request))
#30 [internal function]: Illuminate\Foundation\Http\Middleware\CheckForMaintenanceMode->handle(Object(Illuminate\Http\Request), Object(Closure))
#31 /Users/Peter/laravel/vendor/laravel/framework/src/Illuminate/Pipeline/Pipeline.php(124): call_user_func_array(Array, Array)
#32 [internal function]: Illuminate\Pipeline\Pipeline->Illuminate\Pipeline\{closure}(Object(Illuminate\Http\Request))
#33 /Users/Peter/laravel/vendor/laravel/framework/src/Illuminate/Routing/Pipeline.php(32): call_user_func(Object(Closure), Object(Illuminate\Http\Request))
#34 [internal function]: Illuminate\Routing\Pipeline->Illuminate\Routing\{closure}(Object(Illuminate\Http\Request))
#35 /Users/Peter/laravel/vendor/laravel/framework/src/Illuminate/Pipeline/Pipeline.php(103): call_user_func(Object(Closure), Object(Illuminate\Http\Request))
#36 /Users/Peter/laravel/vendor/laravel/framework/src/Illuminate/Foundation/Http/Kernel.php(132): Illuminate\Pipeline\Pipeline->then(Object(Closure))
#37 /Users/Peter/laravel/vendor/laravel/framework/src/Illuminate/Foundation/Http/Kernel.php(99): Illuminate\Foundation\Http\Kernel->sendRequestThroughRouter(Object(Illuminate\Http\Request))
#38 /Users/Peter/laravel/public/index.php(54): Illuminate\Foundation\Http\Kernel->handle(Object(Illuminate\Http\Request))
#39 /Users/Peter/laravel/server.php(21): require_once('/Users/Peter/la...')
#40 {main}

Next exception 'ErrorException' with message 'Trying to get property of non-object (View: /Users/Peter/laravel/resources/views/books/show.blade.php)' in /Users/Peter/laravel/storage/framework/views/dcf1a457941409e180f4b94c275cdd3d40ad8923.php:10
Stack trace:
#0 /Users/Peter/laravel/vendor/laravel/framework/src/Illuminate/View/Engines/PhpEngine.php(44): Illuminate\View\Engines\CompilerEngine->handleViewException(Object(ErrorException), 0)
#1 /Users/Peter/laravel/vendor/laravel/framework/src/Illuminate/View/Engines/CompilerEngine.php(59): Illuminate\View\Engines\PhpEngine->evaluatePath('/Users/Peter/la...', Array)
#2 /Users/Peter/laravel/vendor/laravel/framework/src/Illuminate/View/View.php(147): Illuminate\View\Engines\CompilerEngine->get('/Users/Peter/la...', Array)
#3 /Users/Peter/laravel/vendor/laravel/framework/src/Illuminate/View/View.php(118): Illuminate\View\View->getContents()
#4 /Users/Peter/laravel/vendor/laravel/framework/src/Illuminate/View/View.php(83): Illuminate\View\View->renderContents()
#5 /Users/Peter/laravel/vendor/laravel/framework/src/Illuminate/Http/Response.php(53): Illuminate\View\View->render()
#6 /Users/Peter/laravel/vendor/symfony/http-foundation/Response.php(199): Illuminate\Http\Response->setContent(Object(Illuminate\View\View))
#7 /Users/Peter/laravel/vendor/laravel/framework/src/Illuminate/Routing/Router.php(1087): Symfony\Component\HttpFoundation\Response->__construct(Object(Illuminate\View\View))
#8 /Users/Peter/laravel/vendor/laravel/framework/src/Illuminate/Routing/ControllerDispatcher.php(95): Illuminate\Routing\Router->prepareResponse(Object(Illuminate\Http\Request), Object(Illuminate\View\View))
#9 [internal function]: Illuminate\Routing\ControllerDispatcher->Illuminate\Routing\{closure}(Object(Illuminate\Http\Request))
#10 /Users/Peter/laravel/vendor/laravel/framework/src/Illuminate/Routing/Pipeline.php(52): call_user_func(Object(Closure), Object(Illuminate\Http\Request))
#11 [internal function]: Illuminate\Routing\Pipeline->Illuminate\Routing\{closure}(Object(Illuminate\Http\Request))
#12 /Users/Peter/laravel/vendor/laravel/framework/src/Illuminate/Pipeline/Pipeline.php(103): call_user_func(Object(Closure), Object(Illuminate\Http\Request))
#13 /Users/Peter/laravel/vendor/laravel/framework/src/Illuminate/Routing/ControllerDispatcher.php(96): Illuminate\Pipeline\Pipeline->then(Object(Closure))
#14 /Users/Peter/laravel/vendor/laravel/framework/src/Illuminate/Routing/ControllerDispatcher.php(54): Illuminate\Routing\ControllerDispatcher->callWithinStack(Object(App\Http\Controllers\BookController), Object(Illuminate\Routing\Route), Object(Illuminate\Http\Request), 'show')
#15 /Users/Peter/laravel/vendor/laravel/framework/src/Illuminate/Routing/Route.php(174): Illuminate\Routing\ControllerDispatcher->dispatch(Object(Illuminate\Routing\Route), Object(Illuminate\Http\Request), 'App\\Http\\Contro...', 'show')
#16 /Users/Peter/laravel/vendor/laravel/framework/src/Illuminate/Routing/Route.php(140): Illuminate\Routing\Route->runController(Object(Illuminate\Http\Request))
#17 /Users/Peter/laravel/vendor/laravel/framework/src/Illuminate/Routing/Router.php(724): Illuminate\Routing\Route->run(Object(Illuminate\Http\Request))
#18 [internal function]: Illuminate\Routing\Router->Illuminate\Routing\{closure}(Object(Illuminate\Http\Request))
#19 /Users/Peter/laravel/vendor/laravel/framework/src/Illuminate/Routing/Pipeline.php(52): call_user_func(Object(Closure), Object(Illuminate\Http\Request))
#20 [internal function]: Illuminate\Routing\Pipeline->Illuminate\Routing\{closure}(Object(Illuminate\Http\Request))
#21 /Users/Peter/laravel/vendor/laravel/framework/src/Illuminate/Pipeline/Pipeline.php(103): call_user_func(Object(Closure), Object(Illuminate\Http\Request))
#22 /Users/Peter/laravel/vendor/laravel/framework/src/Illuminate/Routing/Router.php(726): Illuminate\Pipeline\Pipeline->then(Object(Closure))
#23 /Users/Peter/laravel/vendor/laravel/framework/src/Illuminate/Routing/Router.php(699): Illuminate\Routing\Router->runRouteWithinStack(Object(Illuminate\Routing\Route), Object(Illuminate\Http\Request))
#24 /Users/Peter/laravel/vendor/laravel/framework/src/Illuminate/Routing/Router.php(675): Illuminate\Routing\Router->dispatchToRoute(Object(Illuminate\Http\Request))
#25 /Users/Peter/laravel/vendor/laravel/framework/src/Illuminate/Foundation/Http/Kernel.php(246): Illuminate\Routing\Router->dispatch(Object(Illuminate\Http\Request))
#26 [internal function]: Illuminate\Foundation\Http\Kernel->Illuminate\Foundation\Http\{closure}(Object(Illuminate\Http\Request))
#27 /Users/Peter/laravel/vendor/laravel/framework/src/Illuminate/Routing/Pipeline.php(52): call_user_func(Object(Closure), Object(Illuminate\Http\Request))
#28 /Users/Peter/laravel/vendor/laravel/framework/src/Illuminate/Foundation/Http/Middleware/CheckForMaintenanceMode.php(44): Illuminate\Routing\Pipeline->Illuminate\Routing\{closure}(Object(Illuminate\Http\Request))
#29 [internal function]: Illuminate\Foundation\Http\Middleware\CheckForMaintenanceMode->handle(Object(Illuminate\Http\Request), Object(Closure))
#30 /Users/Peter/laravel/vendor/laravel/framework/src/Illuminate/Pipeline/Pipeline.php(124): call_user_func_array(Array, Array)
#31 [internal function]: Illuminate\Pipeline\Pipeline->Illuminate\Pipeline\{closure}(Object(Illuminate\Http\Request))
#32 /Users/Peter/laravel/vendor/laravel/framework/src/Illuminate/Routing/Pipeline.php(32): call_user_func(Object(Closure), Object(Illuminate\Http\Request))
#33 [internal function]: Illuminate\Routing\Pipeline->Illuminate\Routing\{closure}(Object(Illuminate\Http\Request))
#34 /Users/Peter/laravel/vendor/laravel/framework/src/Illuminate/Pipeline/Pipeline.php(103): call_user_func(Object(Closure), Object(Illuminate\Http\Request))
#35 /Users/Peter/laravel/vendor/laravel/framework/src/Illuminate/Foundation/Http/Kernel.php(132): Illuminate\Pipeline\Pipeline->then(Object(Closure))
#36 /Users/Peter/laravel/vendor/laravel/framework/src/Illuminate/Foundation/Http/Kernel.php(99): Illuminate\Foundation\Http\Kernel->sendRequestThroughRouter(Object(Illuminate\Http\Request))
#37 /Users/Peter/laravel/public/index.php(54): Illuminate\Foundation\Http\Kernel->handle(Object(Illuminate\Http\Request))
#38 /Users/Peter/laravel/server.php(21): require_once('/Users/Peter/la...')
#39 {main}  
[2016-04-13 06:47:30] local.ERROR: exception 'InvalidArgumentException' with message 'Route [books.edit] not defined.' in /Users/Peter/laravel/vendor/laravel/framework/src/Illuminate/Routing/UrlGenerator.php:307
Stack trace:
#0 /Users/Peter/laravel/vendor/laravel/framework/src/Illuminate/Foundation/helpers.php(616): Illuminate\Routing\UrlGenerator->route('books.edit', 2, true, NULL)
#1 /Users/Peter/laravel/storage/framework/views/1c0fc8a2acba3d3ebffc4d60ccdcef8d41294f17.php(29): route('books.edit', 2)
#2 /Users/Peter/laravel/vendor/laravel/framework/src/Illuminate/View/Engines/PhpEngine.php(42): include('/Users/Peter/la...')
#3 /Users/Peter/laravel/vendor/laravel/framework/src/Illuminate/View/Engines/CompilerEngine.php(59): Illuminate\View\Engines\PhpEngine->evaluatePath('/Users/Peter/la...', Array)
#4 /Users/Peter/laravel/vendor/laravel/framework/src/Illuminate/View/View.php(147): Illuminate\View\Engines\CompilerEngine->get('/Users/Peter/la...', Array)
#5 /Users/Peter/laravel/vendor/laravel/framework/src/Illuminate/View/View.php(118): Illuminate\View\View->getContents()
#6 /Users/Peter/laravel/vendor/laravel/framework/src/Illuminate/View/View.php(83): Illuminate\View\View->renderContents()
#7 /Users/Peter/laravel/vendor/laravel/framework/src/Illuminate/Http/Response.php(53): Illuminate\View\View->render()
#8 /Users/Peter/laravel/vendor/symfony/http-foundation/Response.php(199): Illuminate\Http\Response->setContent(Object(Illuminate\View\View))
#9 /Users/Peter/laravel/vendor/laravel/framework/src/Illuminate/Routing/Router.php(1087): Symfony\Component\HttpFoundation\Response->__construct(Object(Illuminate\View\View))
#10 /Users/Peter/laravel/vendor/laravel/framework/src/Illuminate/Routing/ControllerDispatcher.php(95): Illuminate\Routing\Router->prepareResponse(Object(Illuminate\Http\Request), Object(Illuminate\View\View))
#11 [internal function]: Illuminate\Routing\ControllerDispatcher->Illuminate\Routing\{closure}(Object(Illuminate\Http\Request))
#12 /Users/Peter/laravel/vendor/laravel/framework/src/Illuminate/Routing/Pipeline.php(52): call_user_func(Object(Closure), Object(Illuminate\Http\Request))
#13 [internal function]: Illuminate\Routing\Pipeline->Illuminate\Routing\{closure}(Object(Illuminate\Http\Request))
#14 /Users/Peter/laravel/vendor/laravel/framework/src/Illuminate/Pipeline/Pipeline.php(103): call_user_func(Object(Closure), Object(Illuminate\Http\Request))
#15 /Users/Peter/laravel/vendor/laravel/framework/src/Illuminate/Routing/ControllerDispatcher.php(96): Illuminate\Pipeline\Pipeline->then(Object(Closure))
#16 /Users/Peter/laravel/vendor/laravel/framework/src/Illuminate/Routing/ControllerDispatcher.php(54): Illuminate\Routing\ControllerDispatcher->callWithinStack(Object(App\Http\Controllers\BookController), Object(Illuminate\Routing\Route), Object(Illuminate\Http\Request), 'companies')
#17 /Users/Peter/laravel/vendor/laravel/framework/src/Illuminate/Routing/Route.php(174): Illuminate\Routing\ControllerDispatcher->dispatch(Object(Illuminate\Routing\Route), Object(Illuminate\Http\Request), 'App\\Http\\Contro...', 'companies')
#18 /Users/Peter/laravel/vendor/laravel/framework/src/Illuminate/Routing/Route.php(140): Illuminate\Routing\Route->runController(Object(Illuminate\Http\Request))
#19 /Users/Peter/laravel/vendor/laravel/framework/src/Illuminate/Routing/Router.php(724): Illuminate\Routing\Route->run(Object(Illuminate\Http\Request))
#20 [internal function]: Illuminate\Routing\Router->Illuminate\Routing\{closure}(Object(Illuminate\Http\Request))
#21 /Users/Peter/laravel/vendor/laravel/framework/src/Illuminate/Routing/Pipeline.php(52): call_user_func(Object(Closure), Object(Illuminate\Http\Request))
#22 [internal function]: Illuminate\Routing\Pipeline->Illuminate\Routing\{closure}(Object(Illuminate\Http\Request))
#23 /Users/Peter/laravel/vendor/laravel/framework/src/Illuminate/Pipeline/Pipeline.php(103): call_user_func(Object(Closure), Object(Illuminate\Http\Request))
#24 /Users/Peter/laravel/vendor/laravel/framework/src/Illuminate/Routing/Router.php(726): Illuminate\Pipeline\Pipeline->then(Object(Closure))
#25 /Users/Peter/laravel/vendor/laravel/framework/src/Illuminate/Routing/Router.php(699): Illuminate\Routing\Router->runRouteWithinStack(Object(Illuminate\Routing\Route), Object(Illuminate\Http\Request))
#26 /Users/Peter/laravel/vendor/laravel/framework/src/Illuminate/Routing/Router.php(675): Illuminate\Routing\Router->dispatchToRoute(Object(Illuminate\Http\Request))
#27 /Users/Peter/laravel/vendor/laravel/framework/src/Illuminate/Foundation/Http/Kernel.php(246): Illuminate\Routing\Router->dispatch(Object(Illuminate\Http\Request))
#28 [internal function]: Illuminate\Foundation\Http\Kernel->Illuminate\Foundation\Http\{closure}(Object(Illuminate\Http\Request))
#29 /Users/Peter/laravel/vendor/laravel/framework/src/Illuminate/Routing/Pipeline.php(52): call_user_func(Object(Closure), Object(Illuminate\Http\Request))
#30 /Users/Peter/laravel/vendor/laravel/framework/src/Illuminate/Foundation/Http/Middleware/CheckForMaintenanceMode.php(44): Illuminate\Routing\Pipeline->Illuminate\Routing\{closure}(Object(Illuminate\Http\Request))
#31 [internal function]: Illuminate\Foundation\Http\Middleware\CheckForMaintenanceMode->handle(Object(Illuminate\Http\Request), Object(Closure))
#32 /Users/Peter/laravel/vendor/laravel/framework/src/Illuminate/Pipeline/Pipeline.php(124): call_user_func_array(Array, Array)
#33 [internal function]: Illuminate\Pipeline\Pipeline->Illuminate\Pipeline\{closure}(Object(Illuminate\Http\Request))
#34 /Users/Peter/laravel/vendor/laravel/framework/src/Illuminate/Routing/Pipeline.php(32): call_user_func(Object(Closure), Object(Illuminate\Http\Request))
#35 [internal function]: Illuminate\Routing\Pipeline->Illuminate\Routing\{closure}(Object(Illuminate\Http\Request))
#36 /Users/Peter/laravel/vendor/laravel/framework/src/Illuminate/Pipeline/Pipeline.php(103): call_user_func(Object(Closure), Object(Illuminate\Http\Request))
#37 /Users/Peter/laravel/vendor/laravel/framework/src/Illuminate/Foundation/Http/Kernel.php(132): Illuminate\Pipeline\Pipeline->then(Object(Closure))
#38 /Users/Peter/laravel/vendor/laravel/framework/src/Illuminate/Foundation/Http/Kernel.php(99): Illuminate\Foundation\Http\Kernel->sendRequestThroughRouter(Object(Illuminate\Http\Request))
#39 /Users/Peter/laravel/public/index.php(54): Illuminate\Foundation\Http\Kernel->handle(Object(Illuminate\Http\Request))
#40 /Users/Peter/laravel/server.php(21): require_once('/Users/Peter/la...')
#41 {main}

Next exception 'ErrorException' with message 'Route [books.edit] not defined. (View: /Users/Peter/laravel/resources/views/books/index.blade.php)' in /Users/Peter/laravel/vendor/laravel/framework/src/Illuminate/Routing/UrlGenerator.php:307
Stack trace:
#0 /Users/Peter/laravel/vendor/laravel/framework/src/Illuminate/View/Engines/PhpEngine.php(44): Illuminate\View\Engines\CompilerEngine->handleViewException(Object(InvalidArgumentException), 0)
#1 /Users/Peter/laravel/vendor/laravel/framework/src/Illuminate/View/Engines/CompilerEngine.php(59): Illuminate\View\Engines\PhpEngine->evaluatePath('/Users/Peter/la...', Array)
#2 /Users/Peter/laravel/vendor/laravel/framework/src/Illuminate/View/View.php(147): Illuminate\View\Engines\CompilerEngine->get('/Users/Peter/la...', Array)
#3 /Users/Peter/laravel/vendor/laravel/framework/src/Illuminate/View/View.php(118): Illuminate\View\View->getContents()
#4 /Users/Peter/laravel/vendor/laravel/framework/src/Illuminate/View/View.php(83): Illuminate\View\View->renderContents()
#5 /Users/Peter/laravel/vendor/laravel/framework/src/Illuminate/Http/Response.php(53): Illuminate\View\View->render()
#6 /Users/Peter/laravel/vendor/symfony/http-foundation/Response.php(199): Illuminate\Http\Response->setContent(Object(Illuminate\View\View))
#7 /Users/Peter/laravel/vendor/laravel/framework/src/Illuminate/Routing/Router.php(1087): Symfony\Component\HttpFoundation\Response->__construct(Object(Illuminate\View\View))
#8 /Users/Peter/laravel/vendor/laravel/framework/src/Illuminate/Routing/ControllerDispatcher.php(95): Illuminate\Routing\Router->prepareResponse(Object(Illuminate\Http\Request), Object(Illuminate\View\View))
#9 [internal function]: Illuminate\Routing\ControllerDispatcher->Illuminate\Routing\{closure}(Object(Illuminate\Http\Request))
#10 /Users/Peter/laravel/vendor/laravel/framework/src/Illuminate/Routing/Pipeline.php(52): call_user_func(Object(Closure), Object(Illuminate\Http\Request))
#11 [internal function]: Illuminate\Routing\Pipeline->Illuminate\Routing\{closure}(Object(Illuminate\Http\Request))
#12 /Users/Peter/laravel/vendor/laravel/framework/src/Illuminate/Pipeline/Pipeline.php(103): call_user_func(Object(Closure), Object(Illuminate\Http\Request))
#13 /Users/Peter/laravel/vendor/laravel/framework/src/Illuminate/Routing/ControllerDispatcher.php(96): Illuminate\Pipeline\Pipeline->then(Object(Closure))
#14 /Users/Peter/laravel/vendor/laravel/framework/src/Illuminate/Routing/ControllerDispatcher.php(54): Illuminate\Routing\ControllerDispatcher->callWithinStack(Object(App\Http\Controllers\BookController), Object(Illuminate\Routing\Route), Object(Illuminate\Http\Request), 'companies')
#15 /Users/Peter/laravel/vendor/laravel/framework/src/Illuminate/Routing/Route.php(174): Illuminate\Routing\ControllerDispatcher->dispatch(Object(Illuminate\Routing\Route), Object(Illuminate\Http\Request), 'App\\Http\\Contro...', 'companies')
#16 /Users/Peter/laravel/vendor/laravel/framework/src/Illuminate/Routing/Route.php(140): Illuminate\Routing\Route->runController(Object(Illuminate\Http\Request))
#17 /Users/Peter/laravel/vendor/laravel/framework/src/Illuminate/Routing/Router.php(724): Illuminate\Routing\Route->run(Object(Illuminate\Http\Request))
#18 [internal function]: Illuminate\Routing\Router->Illuminate\Routing\{closure}(Object(Illuminate\Http\Request))
#19 /Users/Peter/laravel/vendor/laravel/framework/src/Illuminate/Routing/Pipeline.php(52): call_user_func(Object(Closure), Object(Illuminate\Http\Request))
#20 [internal function]: Illuminate\Routing\Pipeline->Illuminate\Routing\{closure}(Object(Illuminate\Http\Request))
#21 /Users/Peter/laravel/vendor/laravel/framework/src/Illuminate/Pipeline/Pipeline.php(103): call_user_func(Object(Closure), Object(Illuminate\Http\Request))
#22 /Users/Peter/laravel/vendor/laravel/framework/src/Illuminate/Routing/Router.php(726): Illuminate\Pipeline\Pipeline->then(Object(Closure))
#23 /Users/Peter/laravel/vendor/laravel/framework/src/Illuminate/Routing/Router.php(699): Illuminate\Routing\Router->runRouteWithinStack(Object(Illuminate\Routing\Route), Object(Illuminate\Http\Request))
#24 /Users/Peter/laravel/vendor/laravel/framework/src/Illuminate/Routing/Router.php(675): Illuminate\Routing\Router->dispatchToRoute(Object(Illuminate\Http\Request))
#25 /Users/Peter/laravel/vendor/laravel/framework/src/Illuminate/Foundation/Http/Kernel.php(246): Illuminate\Routing\Router->dispatch(Object(Illuminate\Http\Request))
#26 [internal function]: Illuminate\Foundation\Http\Kernel->Illuminate\Foundation\Http\{closure}(Object(Illuminate\Http\Request))
#27 /Users/Peter/laravel/vendor/laravel/framework/src/Illuminate/Routing/Pipeline.php(52): call_user_func(Object(Closure), Object(Illuminate\Http\Request))
#28 /Users/Peter/laravel/vendor/laravel/framework/src/Illuminate/Foundation/Http/Middleware/CheckForMaintenanceMode.php(44): Illuminate\Routing\Pipeline->Illuminate\Routing\{closure}(Object(Illuminate\Http\Request))
#29 [internal function]: Illuminate\Foundation\Http\Middleware\CheckForMaintenanceMode->handle(Object(Illuminate\Http\Request), Object(Closure))
#30 /Users/Peter/laravel/vendor/laravel/framework/src/Illuminate/Pipeline/Pipeline.php(124): call_user_func_array(Array, Array)
#31 [internal function]: Illuminate\Pipeline\Pipeline->Illuminate\Pipeline\{closure}(Object(Illuminate\Http\Request))
#32 /Users/Peter/laravel/vendor/laravel/framework/src/Illuminate/Routing/Pipeline.php(32): call_user_func(Object(Closure), Object(Illuminate\Http\Request))
#33 [internal function]: Illuminate\Routing\Pipeline->Illuminate\Routing\{closure}(Object(Illuminate\Http\Request))
#34 /Users/Peter/laravel/vendor/laravel/framework/src/Illuminate/Pipeline/Pipeline.php(103): call_user_func(Object(Closure), Object(Illuminate\Http\Request))
#35 /Users/Peter/laravel/vendor/laravel/framework/src/Illuminate/Foundation/Http/Kernel.php(132): Illuminate\Pipeline\Pipeline->then(Object(Closure))
#36 /Users/Peter/laravel/vendor/laravel/framework/src/Illuminate/Foundation/Http/Kernel.php(99): Illuminate\Foundation\Http\Kernel->sendRequestThroughRouter(Object(Illuminate\Http\Request))
#37 /Users/Peter/laravel/public/index.php(54): Illuminate\Foundation\Http\Kernel->handle(Object(Illuminate\Http\Request))
#38 /Users/Peter/laravel/server.php(21): require_once('/Users/Peter/la...')
#39 {main}  
[2016-04-13 06:51:09] local.ERROR: exception 'ErrorException' with message 'Trying to get property of non-object' in /Users/Peter/laravel/storage/framework/views/dcf1a457941409e180f4b94c275cdd3d40ad8923.php:71
Stack trace:
#0 /Users/Peter/laravel/storage/framework/views/dcf1a457941409e180f4b94c275cdd3d40ad8923.php(71): Illuminate\Foundation\Bootstrap\HandleExceptions->handleError(8, 'Trying to get p...', '/Users/Peter/la...', 71, Array)
#1 /Users/Peter/laravel/vendor/laravel/framework/src/Illuminate/View/Engines/PhpEngine.php(42): include('/Users/Peter/la...')
#2 /Users/Peter/laravel/vendor/laravel/framework/src/Illuminate/View/Engines/CompilerEngine.php(59): Illuminate\View\Engines\PhpEngine->evaluatePath('/Users/Peter/la...', Array)
#3 /Users/Peter/laravel/vendor/laravel/framework/src/Illuminate/View/View.php(147): Illuminate\View\Engines\CompilerEngine->get('/Users/Peter/la...', Array)
#4 /Users/Peter/laravel/vendor/laravel/framework/src/Illuminate/View/View.php(118): Illuminate\View\View->getContents()
#5 /Users/Peter/laravel/vendor/laravel/framework/src/Illuminate/View/View.php(83): Illuminate\View\View->renderContents()
#6 /Users/Peter/laravel/vendor/laravel/framework/src/Illuminate/Http/Response.php(53): Illuminate\View\View->render()
#7 /Users/Peter/laravel/vendor/symfony/http-foundation/Response.php(199): Illuminate\Http\Response->setContent(Object(Illuminate\View\View))
#8 /Users/Peter/laravel/vendor/laravel/framework/src/Illuminate/Routing/Router.php(1087): Symfony\Component\HttpFoundation\Response->__construct(Object(Illuminate\View\View))
#9 /Users/Peter/laravel/vendor/laravel/framework/src/Illuminate/Routing/ControllerDispatcher.php(95): Illuminate\Routing\Router->prepareResponse(Object(Illuminate\Http\Request), Object(Illuminate\View\View))
#10 [internal function]: Illuminate\Routing\ControllerDispatcher->Illuminate\Routing\{closure}(Object(Illuminate\Http\Request))
#11 /Users/Peter/laravel/vendor/laravel/framework/src/Illuminate/Routing/Pipeline.php(52): call_user_func(Object(Closure), Object(Illuminate\Http\Request))
#12 [internal function]: Illuminate\Routing\Pipeline->Illuminate\Routing\{closure}(Object(Illuminate\Http\Request))
#13 /Users/Peter/laravel/vendor/laravel/framework/src/Illuminate/Pipeline/Pipeline.php(103): call_user_func(Object(Closure), Object(Illuminate\Http\Request))
#14 /Users/Peter/laravel/vendor/laravel/framework/src/Illuminate/Routing/ControllerDispatcher.php(96): Illuminate\Pipeline\Pipeline->then(Object(Closure))
#15 /Users/Peter/laravel/vendor/laravel/framework/src/Illuminate/Routing/ControllerDispatcher.php(54): Illuminate\Routing\ControllerDispatcher->callWithinStack(Object(App\Http\Controllers\BookController), Object(Illuminate\Routing\Route), Object(Illuminate\Http\Request), 'show')
#16 /Users/Peter/laravel/vendor/laravel/framework/src/Illuminate/Routing/Route.php(174): Illuminate\Routing\ControllerDispatcher->dispatch(Object(Illuminate\Routing\Route), Object(Illuminate\Http\Request), 'App\\Http\\Contro...', 'show')
#17 /Users/Peter/laravel/vendor/laravel/framework/src/Illuminate/Routing/Route.php(140): Illuminate\Routing\Route->runController(Object(Illuminate\Http\Request))
#18 /Users/Peter/laravel/vendor/laravel/framework/src/Illuminate/Routing/Router.php(724): Illuminate\Routing\Route->run(Object(Illuminate\Http\Request))
#19 [internal function]: Illuminate\Routing\Router->Illuminate\Routing\{closure}(Object(Illuminate\Http\Request))
#20 /Users/Peter/laravel/vendor/laravel/framework/src/Illuminate/Routing/Pipeline.php(52): call_user_func(Object(Closure), Object(Illuminate\Http\Request))
#21 [internal function]: Illuminate\Routing\Pipeline->Illuminate\Routing\{closure}(Object(Illuminate\Http\Request))
#22 /Users/Peter/laravel/vendor/laravel/framework/src/Illuminate/Pipeline/Pipeline.php(103): call_user_func(Object(Closure), Object(Illuminate\Http\Request))
#23 /Users/Peter/laravel/vendor/laravel/framework/src/Illuminate/Routing/Router.php(726): Illuminate\Pipeline\Pipeline->then(Object(Closure))
#24 /Users/Peter/laravel/vendor/laravel/framework/src/Illuminate/Routing/Router.php(699): Illuminate\Routing\Router->runRouteWithinStack(Object(Illuminate\Routing\Route), Object(Illuminate\Http\Request))
#25 /Users/Peter/laravel/vendor/laravel/framework/src/Illuminate/Routing/Router.php(675): Illuminate\Routing\Router->dispatchToRoute(Object(Illuminate\Http\Request))
#26 /Users/Peter/laravel/vendor/laravel/framework/src/Illuminate/Foundation/Http/Kernel.php(246): Illuminate\Routing\Router->dispatch(Object(Illuminate\Http\Request))
#27 [internal function]: Illuminate\Foundation\Http\Kernel->Illuminate\Foundation\Http\{closure}(Object(Illuminate\Http\Request))
#28 /Users/Peter/laravel/vendor/laravel/framework/src/Illuminate/Routing/Pipeline.php(52): call_user_func(Object(Closure), Object(Illuminate\Http\Request))
#29 /Users/Peter/laravel/vendor/laravel/framework/src/Illuminate/Foundation/Http/Middleware/CheckForMaintenanceMode.php(44): Illuminate\Routing\Pipeline->Illuminate\Routing\{closure}(Object(Illuminate\Http\Request))
#30 [internal function]: Illuminate\Foundation\Http\Middleware\CheckForMaintenanceMode->handle(Object(Illuminate\Http\Request), Object(Closure))
#31 /Users/Peter/laravel/vendor/laravel/framework/src/Illuminate/Pipeline/Pipeline.php(124): call_user_func_array(Array, Array)
#32 [internal function]: Illuminate\Pipeline\Pipeline->Illuminate\Pipeline\{closure}(Object(Illuminate\Http\Request))
#33 /Users/Peter/laravel/vendor/laravel/framework/src/Illuminate/Routing/Pipeline.php(32): call_user_func(Object(Closure), Object(Illuminate\Http\Request))
#34 [internal function]: Illuminate\Routing\Pipeline->Illuminate\Routing\{closure}(Object(Illuminate\Http\Request))
#35 /Users/Peter/laravel/vendor/laravel/framework/src/Illuminate/Pipeline/Pipeline.php(103): call_user_func(Object(Closure), Object(Illuminate\Http\Request))
#36 /Users/Peter/laravel/vendor/laravel/framework/src/Illuminate/Foundation/Http/Kernel.php(132): Illuminate\Pipeline\Pipeline->then(Object(Closure))
#37 /Users/Peter/laravel/vendor/laravel/framework/src/Illuminate/Foundation/Http/Kernel.php(99): Illuminate\Foundation\Http\Kernel->sendRequestThroughRouter(Object(Illuminate\Http\Request))
#38 /Users/Peter/laravel/public/index.php(54): Illuminate\Foundation\Http\Kernel->handle(Object(Illuminate\Http\Request))
#39 /Users/Peter/laravel/server.php(21): require_once('/Users/Peter/la...')
#40 {main}

Next exception 'ErrorException' with message 'Trying to get property of non-object (View: /Users/Peter/laravel/resources/views/books/show.blade.php)' in /Users/Peter/laravel/storage/framework/views/dcf1a457941409e180f4b94c275cdd3d40ad8923.php:71
Stack trace:
#0 /Users/Peter/laravel/vendor/laravel/framework/src/Illuminate/View/Engines/PhpEngine.php(44): Illuminate\View\Engines\CompilerEngine->handleViewException(Object(ErrorException), 0)
#1 /Users/Peter/laravel/vendor/laravel/framework/src/Illuminate/View/Engines/CompilerEngine.php(59): Illuminate\View\Engines\PhpEngine->evaluatePath('/Users/Peter/la...', Array)
#2 /Users/Peter/laravel/vendor/laravel/framework/src/Illuminate/View/View.php(147): Illuminate\View\Engines\CompilerEngine->get('/Users/Peter/la...', Array)
#3 /Users/Peter/laravel/vendor/laravel/framework/src/Illuminate/View/View.php(118): Illuminate\View\View->getContents()
#4 /Users/Peter/laravel/vendor/laravel/framework/src/Illuminate/View/View.php(83): Illuminate\View\View->renderContents()
#5 /Users/Peter/laravel/vendor/laravel/framework/src/Illuminate/Http/Response.php(53): Illuminate\View\View->render()
#6 /Users/Peter/laravel/vendor/symfony/http-foundation/Response.php(199): Illuminate\Http\Response->setContent(Object(Illuminate\View\View))
#7 /Users/Peter/laravel/vendor/laravel/framework/src/Illuminate/Routing/Router.php(1087): Symfony\Component\HttpFoundation\Response->__construct(Object(Illuminate\View\View))
#8 /Users/Peter/laravel/vendor/laravel/framework/src/Illuminate/Routing/ControllerDispatcher.php(95): Illuminate\Routing\Router->prepareResponse(Object(Illuminate\Http\Request), Object(Illuminate\View\View))
#9 [internal function]: Illuminate\Routing\ControllerDispatcher->Illuminate\Routing\{closure}(Object(Illuminate\Http\Request))
#10 /Users/Peter/laravel/vendor/laravel/framework/src/Illuminate/Routing/Pipeline.php(52): call_user_func(Object(Closure), Object(Illuminate\Http\Request))
#11 [internal function]: Illuminate\Routing\Pipeline->Illuminate\Routing\{closure}(Object(Illuminate\Http\Request))
#12 /Users/Peter/laravel/vendor/laravel/framework/src/Illuminate/Pipeline/Pipeline.php(103): call_user_func(Object(Closure), Object(Illuminate\Http\Request))
#13 /Users/Peter/laravel/vendor/laravel/framework/src/Illuminate/Routing/ControllerDispatcher.php(96): Illuminate\Pipeline\Pipeline->then(Object(Closure))
#14 /Users/Peter/laravel/vendor/laravel/framework/src/Illuminate/Routing/ControllerDispatcher.php(54): Illuminate\Routing\ControllerDispatcher->callWithinStack(Object(App\Http\Controllers\BookController), Object(Illuminate\Routing\Route), Object(Illuminate\Http\Request), 'show')
#15 /Users/Peter/laravel/vendor/laravel/framework/src/Illuminate/Routing/Route.php(174): Illuminate\Routing\ControllerDispatcher->dispatch(Object(Illuminate\Routing\Route), Object(Illuminate\Http\Request), 'App\\Http\\Contro...', 'show')
#16 /Users/Peter/laravel/vendor/laravel/framework/src/Illuminate/Routing/Route.php(140): Illuminate\Routing\Route->runController(Object(Illuminate\Http\Request))
#17 /Users/Peter/laravel/vendor/laravel/framework/src/Illuminate/Routing/Router.php(724): Illuminate\Routing\Route->run(Object(Illuminate\Http\Request))
#18 [internal function]: Illuminate\Routing\Router->Illuminate\Routing\{closure}(Object(Illuminate\Http\Request))
#19 /Users/Peter/laravel/vendor/laravel/framework/src/Illuminate/Routing/Pipeline.php(52): call_user_func(Object(Closure), Object(Illuminate\Http\Request))
#20 [internal function]: Illuminate\Routing\Pipeline->Illuminate\Routing\{closure}(Object(Illuminate\Http\Request))
#21 /Users/Peter/laravel/vendor/laravel/framework/src/Illuminate/Pipeline/Pipeline.php(103): call_user_func(Object(Closure), Object(Illuminate\Http\Request))
#22 /Users/Peter/laravel/vendor/laravel/framework/src/Illuminate/Routing/Router.php(726): Illuminate\Pipeline\Pipeline->then(Object(Closure))
#23 /Users/Peter/laravel/vendor/laravel/framework/src/Illuminate/Routing/Router.php(699): Illuminate\Routing\Router->runRouteWithinStack(Object(Illuminate\Routing\Route), Object(Illuminate\Http\Request))
#24 /Users/Peter/laravel/vendor/laravel/framework/src/Illuminate/Routing/Router.php(675): Illuminate\Routing\Router->dispatchToRoute(Object(Illuminate\Http\Request))
#25 /Users/Peter/laravel/vendor/laravel/framework/src/Illuminate/Foundation/Http/Kernel.php(246): Illuminate\Routing\Router->dispatch(Object(Illuminate\Http\Request))
#26 [internal function]: Illuminate\Foundation\Http\Kernel->Illuminate\Foundation\Http\{closure}(Object(Illuminate\Http\Request))
#27 /Users/Peter/laravel/vendor/laravel/framework/src/Illuminate/Routing/Pipeline.php(52): call_user_func(Object(Closure), Object(Illuminate\Http\Request))
#28 /Users/Peter/laravel/vendor/laravel/framework/src/Illuminate/Foundation/Http/Middleware/CheckForMaintenanceMode.php(44): Illuminate\Routing\Pipeline->Illuminate\Routing\{closure}(Object(Illuminate\Http\Request))
#29 [internal function]: Illuminate\Foundation\Http\Middleware\CheckForMaintenanceMode->handle(Object(Illuminate\Http\Request), Object(Closure))
#30 /Users/Peter/laravel/vendor/laravel/framework/src/Illuminate/Pipeline/Pipeline.php(124): call_user_func_array(Array, Array)
#31 [internal function]: Illuminate\Pipeline\Pipeline->Illuminate\Pipeline\{closure}(Object(Illuminate\Http\Request))
#32 /Users/Peter/laravel/vendor/laravel/framework/src/Illuminate/Routing/Pipeline.php(32): call_user_func(Object(Closure), Object(Illuminate\Http\Request))
#33 [internal function]: Illuminate\Routing\Pipeline->Illuminate\Routing\{closure}(Object(Illuminate\Http\Request))
#34 /Users/Peter/laravel/vendor/laravel/framework/src/Illuminate/Pipeline/Pipeline.php(103): call_user_func(Object(Closure), Object(Illuminate\Http\Request))
#35 /Users/Peter/laravel/vendor/laravel/framework/src/Illuminate/Foundation/Http/Kernel.php(132): Illuminate\Pipeline\Pipeline->then(Object(Closure))
#36 /Users/Peter/laravel/vendor/laravel/framework/src/Illuminate/Foundation/Http/Kernel.php(99): Illuminate\Foundation\Http\Kernel->sendRequestThroughRouter(Object(Illuminate\Http\Request))
#37 /Users/Peter/laravel/public/index.php(54): Illuminate\Foundation\Http\Kernel->handle(Object(Illuminate\Http\Request))
#38 /Users/Peter/laravel/server.php(21): require_once('/Users/Peter/la...')
#39 {main}  
